==================== 2026-05-14T22:23:38.707243Z | 269e2d05-50bf-4bca-b3aa-92a1caf8db14 ====================
22:23:38.707572 [info ]: Starting dbt LSP server
22:23:38.707720 [info ]: Connecting to LSP client on port 56744
22:23:38.708036 [info ]: Successfully connected to LSP client
22:23:38.708049 [info ]: Creating LSP service...
22:23:38.750422 [info ]: Creating LSP server...
22:23:38.750436 [info ]: Starting LSP server...
==================== 2026-05-15T21:00:19.264251Z | dfbabece-3c2d-4c83-84f0-ed559572e5f2 ====================
21:00:19.264426 [info ]: Starting dbt LSP server
21:00:19.264499 [info ]: Connecting to LSP client on port 58698
21:00:19.264718 [info ]: Successfully connected to LSP client
21:00:19.264737 [info ]: Creating LSP service...
21:00:19.308081 [info ]: Creating LSP server...
21:00:19.308104 [info ]: Starting LSP server...
21:00:19.309101 [info ]: 
==================== Execution Summary =====================
Finished 'unknown' successfully [44ms]
==================== 2026-05-15T21:00:26.726308Z | 7946bbf1-2bd3-4559-85af-7acc36c6fe11 ====================
21:00:26.726333 [info ]: Starting dbt LSP server
21:00:26.726348 [info ]: Connecting to LSP client on port 58706
21:00:26.726515 [info ]: Successfully connected to LSP client
21:00:26.726523 [info ]: Creating LSP service...
21:00:26.766579 [info ]: Creating LSP server...
21:00:26.766596 [info ]: Starting LSP server...
==================== 2026-05-15T21:01:42.762683Z | 50ff8b38-18a2-4fb2-9413-2f19901bd41d ====================
21:01:42.762712 [info ]: Starting dbt LSP server
21:01:42.762728 [info ]: Connecting to LSP client on port 58741
21:01:42.762873 [info ]: Successfully connected to LSP client
21:01:42.762879 [info ]: Creating LSP service...
21:01:42.794233 [info ]: Creating LSP server...
21:01:42.794249 [info ]: Starting LSP server...
==================== 2026-05-15T21:10:46.700871Z | 7b4eeaa7-6b13-40e4-9f15-de9de5a67393 ====================
21:10:46.701036 [info ]: Starting dbt LSP server
21:10:46.701106 [info ]: Connecting to LSP client on port 59147
21:10:46.701327 [info ]: Successfully connected to LSP client
21:10:46.701335 [info ]: Creating LSP service...
21:10:46.733185 [info ]: Creating LSP server...
21:10:46.733198 [info ]: Starting LSP server...
==================== 2026-05-20T04:21:24.888265Z | 4ead3e68-fb3b-4327-a4d8-c3b8e68eaa02 ====================
04:21:24.888426 [info ]: Starting dbt LSP server
04:21:24.888496 [info ]: Connecting to LSP client on port 62962
04:21:24.888636 [info ]: Successfully connected to LSP client
04:21:24.888640 [info ]: Creating LSP service...
04:21:24.927919 [info ]: Creating LSP server...
04:21:24.927954 [info ]: Starting LSP server...
==================== 2026-05-20T04:23:42.743301Z | 207dd63a-a820-453b-a53e-a517108df494 ====================
04:23:42.743594 [info ]: Starting dbt LSP server
04:23:42.743720 [info ]: Connecting to LSP client on port 63205
04:23:42.743997 [info ]: Successfully connected to LSP client
04:23:42.744013 [info ]: Creating LSP service...
04:23:42.786429 [info ]: Creating LSP server...
04:23:42.786442 [info ]: Starting LSP server...
